22:16:28.098 [main] INFO  stepDefinition.Steps - url Launched
22:20:39.738 [main] INFO  stepDefinition.Steps - url Launched
22:20:39.886 [main] INFO  stepDefinition.Steps - User navigates to my accountant menu
22:20:40.810 [main] INFO  stepDefinition.Steps - User clicks on login
22:20:41.181 [main] INFO  stepDefinition.Steps - User provides email as {string} and Password as {string}
22:22:28.425 [main] INFO  stepDefinition.Steps - url Launched
22:22:28.575 [main] INFO  stepDefinition.Steps - User navigates to my accountant menu
22:22:29.212 [main] INFO  stepDefinition.Steps - User clicks on login
22:22:29.530 [main] INFO  stepDefinition.Steps - User provides email as {string} and Password as {string}
22:28:51.334 [main] INFO  stepDefinition.Steps - url Launched
22:28:51.486 [main] INFO  stepDefinition.Steps - User navigates to my accountant menu
22:28:52.201 [main] INFO  stepDefinition.Steps - User clicks on login
22:28:52.446 [main] INFO  stepDefinition.Steps - User provides email as {string} and Password as {string}
22:31:27.534 [main] INFO  stepDefinition.Steps - url Launched
22:31:27.673 [main] INFO  stepDefinition.Steps - User navigates to my accountant menu
22:31:28.296 [main] INFO  stepDefinition.Steps - User clicks on login
22:31:28.629 [main] INFO  stepDefinition.Steps - User provides email as {string} and Password as {string}
22:32:17.439 [main] INFO  stepDefinition.Steps - url Launched
22:32:17.583 [main] INFO  stepDefinition.Steps - User navigates to my accountant menu
22:32:18.196 [main] INFO  stepDefinition.Steps - User clicks on login
22:32:18.606 [main] INFO  stepDefinition.Steps - User provides email as {string} and Password as {string}
22:33:04.905 [main] INFO  stepDefinition.Steps - url Launched
22:33:05.054 [main] INFO  stepDefinition.Steps - User navigates to my accountant menu
22:33:05.629 [main] INFO  stepDefinition.Steps - User clicks on login
22:33:06.091 [main] INFO  stepDefinition.Steps - User provides email as {string} and Password as {string}
22:38:32.032 [main] INFO  stepDefinition.Steps - url Launched
22:38:32.151 [main] INFO  stepDefinition.Steps - User navigates to my accountant menu
22:38:32.656 [main] INFO  stepDefinition.Steps - User clicks on login
22:38:32.872 [main] INFO  stepDefinition.Steps - User provides email as {string} and Password as {string}
22:40:03.808 [main] INFO  stepDefinition.Steps - url Launched
22:40:03.943 [main] INFO  stepDefinition.Steps - User navigates to my accountant menu
22:40:04.411 [main] INFO  stepDefinition.Steps - User clicks on login
22:49:35.392 [main] INFO  stepDefinition.Steps - url Launched
22:49:35.523 [main] INFO  stepDefinition.Steps - User navigates to my accountant menu
22:49:35.999 [main] INFO  stepDefinition.Steps - User clicks on login
22:51:48.859 [main] INFO  stepDefinition.Steps - url Launched
22:51:48.993 [main] INFO  stepDefinition.Steps - User navigates to my accountant menu
22:51:49.490 [main] INFO  stepDefinition.Steps - User clicks on login
22:51:49.719 [main] INFO  stepDefinition.Steps - User provides email as {string} and Password as {string}
22:52:19.426 [main] INFO  stepDefinition.Steps - url Launched
22:52:19.554 [main] INFO  stepDefinition.Steps - User navigates to my accountant menu
22:52:19.998 [main] INFO  stepDefinition.Steps - User clicks on login
22:52:20.217 [main] INFO  stepDefinition.Steps - User provides email as {string} and Password as {string}
22:56:23.532 [main] INFO  stepDefinition.Steps - url Launched
22:56:23.655 [main] INFO  stepDefinition.Steps - User navigates to my accountant menu
22:56:24.130 [main] INFO  stepDefinition.Steps - User clicks on login
22:56:24.372 [main] INFO  stepDefinition.Steps - User provides email as {string} and Password as {string}
23:09:59.068 [main] INFO  stepDefinition.Steps - url Launched
23:09:59.221 [main] INFO  stepDefinition.Steps - User navigates to my accountant menu
23:09:59.869 [main] INFO  stepDefinition.Steps - User clicks on login
23:10:00.227 [main] INFO  stepDefinition.Steps - User provides email as {string} and Password as {string}
23:10:04.757 [main] INFO  stepDefinition.Steps - url Launched
23:10:04.861 [main] INFO  stepDefinition.Steps - User navigates to my accountant menu
23:10:05.505 [main] INFO  stepDefinition.Steps - User clicks on login
23:10:05.773 [main] INFO  stepDefinition.Steps - User provides email as {string} and Password as {string}
23:10:09.548 [main] INFO  stepDefinition.Steps - url Launched
23:10:09.655 [main] INFO  stepDefinition.Steps - User navigates to my accountant menu
23:10:10.200 [main] INFO  stepDefinition.Steps - User clicks on login
23:10:10.460 [main] INFO  stepDefinition.Steps - User provides email as {string} and Password as {string}
23:12:06.998 [main] INFO  stepDefinition.Steps - url Launched
23:12:07.142 [main] INFO  stepDefinition.Steps - User navigates to my accountant menu
23:12:07.751 [main] INFO  stepDefinition.Steps - User clicks on login
23:12:07.996 [main] INFO  stepDefinition.Steps - User provides email as {string} and Password as {string}
23:18:04.430 [main] INFO  stepDefinition.Steps - url Launched
23:18:04.565 [main] INFO  stepDefinition.Steps - User navigates to my accountant menu
23:18:05.199 [main] INFO  stepDefinition.Steps - User clicks on login
23:18:05.454 [main] INFO  stepDefinition.Steps - User provides email as {string} and Password as {string}
23:20:35.432 [main] INFO  stepDefinition.Steps - url Launched
23:20:35.572 [main] INFO  stepDefinition.Steps - User navigates to my accountant menu
23:20:36.129 [main] INFO  stepDefinition.Steps - User clicks on login
23:20:36.471 [main] INFO  stepDefinition.Steps - User provides email as {string} and Password as {string}
23:20:40.722 [main] INFO  stepDefinition.Steps - url Launched
23:20:40.833 [main] INFO  stepDefinition.Steps - User navigates to my accountant menu
23:20:41.307 [main] INFO  stepDefinition.Steps - User clicks on login
23:20:41.543 [main] INFO  stepDefinition.Steps - User provides email as {string} and Password as {string}
23:20:44.466 [main] INFO  stepDefinition.Steps - url Launched
23:20:44.576 [main] INFO  stepDefinition.Steps - User navigates to my accountant menu
23:20:45.186 [main] INFO  stepDefinition.Steps - User clicks on login
23:20:45.429 [main] INFO  stepDefinition.Steps - User provides email as {string} and Password as {string}
23:20:48.392 [main] INFO  stepDefinition.Steps - url Launched
23:20:48.493 [main] INFO  stepDefinition.Steps - User navigates to my accountant menu
23:20:49.079 [main] INFO  stepDefinition.Steps - User clicks on login
23:20:49.371 [main] INFO  stepDefinition.Steps - User provides email as {string} and Password as {string}
23:22:22.278 [main] INFO  stepDefinition.Steps - url Launched
23:22:22.413 [main] INFO  stepDefinition.Steps - User navigates to my accountant menu
23:22:22.957 [main] INFO  stepDefinition.Steps - User clicks on login
23:22:23.333 [main] INFO  stepDefinition.Steps - User provides email as {string} and Password as {string}
23:22:26.135 [main] INFO  stepDefinition.Steps - url Launched
23:22:26.239 [main] INFO  stepDefinition.Steps - User navigates to my accountant menu
23:22:26.813 [main] INFO  stepDefinition.Steps - User clicks on login
23:22:27.034 [main] INFO  stepDefinition.Steps - User provides email as {string} and Password as {string}
23:22:29.921 [main] INFO  stepDefinition.Steps - url Launched
23:22:30.028 [main] INFO  stepDefinition.Steps - User navigates to my accountant menu
23:22:30.550 [main] INFO  stepDefinition.Steps - User clicks on login
23:22:30.799 [main] INFO  stepDefinition.Steps - User provides email as {string} and Password as {string}
23:25:59.250 [main] INFO  stepDefinition.Steps - url Launched
23:25:59.395 [main] INFO  stepDefinition.Steps - User navigates to my accountant menu
23:25:59.975 [main] INFO  stepDefinition.Steps - User clicks on login
23:26:00.268 [main] INFO  stepDefinition.Steps - User provides email as {string} and Password as {string}
23:26:04.274 [main] INFO  stepDefinition.Steps - url Launched
23:26:04.382 [main] INFO  stepDefinition.Steps - User navigates to my accountant menu
23:26:04.901 [main] INFO  stepDefinition.Steps - User clicks on login
23:26:05.120 [main] INFO  stepDefinition.Steps - User provides email as {string} and Password as {string}
23:26:23.146 [main] INFO  stepDefinition.Steps - url Launched
23:26:23.238 [main] INFO  stepDefinition.Steps - User navigates to my accountant menu
23:26:23.726 [main] INFO  stepDefinition.Steps - User clicks on login
23:26:23.952 [main] INFO  stepDefinition.Steps - User provides email as {string} and Password as {string}
23:28:20.280 [main] INFO  stepDefinition.Steps - url Launched
23:28:20.417 [main] INFO  stepDefinition.Steps - User navigates to my accountant menu
23:28:21.043 [main] INFO  stepDefinition.Steps - User clicks on login
23:28:21.422 [main] INFO  stepDefinition.Steps - User provides email as {string} and Password as {string}
23:28:27.573 [main] INFO  stepDefinition.Steps - url Launched
23:28:27.672 [main] INFO  stepDefinition.Steps - User navigates to my accountant menu
23:28:28.199 [main] INFO  stepDefinition.Steps - User clicks on login
23:28:28.443 [main] INFO  stepDefinition.Steps - User provides email as {string} and Password as {string}
23:28:32.289 [main] INFO  stepDefinition.Steps - url Launched
23:28:32.400 [main] INFO  stepDefinition.Steps - User navigates to my accountant menu
23:28:33.054 [main] INFO  stepDefinition.Steps - User clicks on login
23:28:33.287 [main] INFO  stepDefinition.Steps - User provides email as {string} and Password as {string}
23:28:51.316 [main] INFO  stepDefinition.Steps - url Launched
23:28:51.419 [main] INFO  stepDefinition.Steps - User navigates to my accountant menu
23:28:51.939 [main] INFO  stepDefinition.Steps - User clicks on login
23:28:52.173 [main] INFO  stepDefinition.Steps - User provides email as {string} and Password as {string}
22:44:33.751 [main] INFO  stepDefinition.Steps - url Launched
22:44:33.929 [main] INFO  stepDefinition.Steps - User navigates to my accountant menu
22:44:34.537 [main] INFO  stepDefinition.Steps - User clicks on login
22:44:38.475 [main] INFO  stepDefinition.Steps - url Launched
22:44:38.570 [main] INFO  stepDefinition.Steps - User navigates to my accountant menu
22:44:39.128 [main] INFO  stepDefinition.Steps - User clicks on login
22:44:42.340 [main] INFO  stepDefinition.Steps - url Launched
22:44:42.437 [main] INFO  stepDefinition.Steps - User navigates to my accountant menu
22:44:42.949 [main] INFO  stepDefinition.Steps - User clicks on login
22:48:54.089 [main] INFO  stepDefinition.Steps - url Launched
22:48:54.223 [main] INFO  stepDefinition.Steps - User navigates to my accountant menu
22:48:54.704 [main] INFO  stepDefinition.Steps - User clicks on login
22:48:57.058 [main] INFO  stepDefinition.Steps - url Launched
22:48:57.156 [main] INFO  stepDefinition.Steps - User navigates to my accountant menu
22:48:57.670 [main] INFO  stepDefinition.Steps - User clicks on login
22:49:00.608 [main] INFO  stepDefinition.Steps - url Launched
22:49:00.697 [main] INFO  stepDefinition.Steps - User navigates to my accountant menu
22:49:01.208 [main] INFO  stepDefinition.Steps - User clicks on login
22:54:41.981 [main] INFO  stepDefinition.Steps - url Launched
22:54:42.120 [main] INFO  stepDefinition.Steps - User navigates to my accountant menu
22:54:42.590 [main] INFO  stepDefinition.Steps - User clicks on login
22:54:44.918 [main] INFO  stepDefinition.Steps - url Launched
22:54:45.012 [main] INFO  stepDefinition.Steps - User navigates to my accountant menu
22:54:45.488 [main] INFO  stepDefinition.Steps - User clicks on login
22:54:47.749 [main] INFO  stepDefinition.Steps - url Launched
22:54:47.833 [main] INFO  stepDefinition.Steps - User navigates to my accountant menu
22:54:48.366 [main] INFO  stepDefinition.Steps - User clicks on login
22:55:48.463 [main] INFO  stepDefinition.Steps - url Launched
22:55:48.595 [main] INFO  stepDefinition.Steps - User navigates to my accountant menu
22:55:49.056 [main] INFO  stepDefinition.Steps - User clicks on login
22:55:51.378 [main] INFO  stepDefinition.Steps - url Launched
22:55:51.466 [main] INFO  stepDefinition.Steps - User navigates to my accountant menu
22:55:52.084 [main] INFO  stepDefinition.Steps - User clicks on login
22:55:54.846 [main] INFO  stepDefinition.Steps - url Launched
22:55:55.016 [main] INFO  stepDefinition.Steps - User navigates to my accountant menu
22:55:55.777 [main] INFO  stepDefinition.Steps - User clicks on login
22:58:29.832 [main] INFO  stepDefinition.Steps - url Launched
22:58:29.971 [main] INFO  stepDefinition.Steps - User navigates to my accountant menu
22:58:30.468 [main] INFO  stepDefinition.Steps - User clicks on login
22:58:33.464 [main] INFO  stepDefinition.Steps - url Launched
22:58:33.596 [main] INFO  stepDefinition.Steps - User navigates to my accountant menu
22:58:34.143 [main] INFO  stepDefinition.Steps - User clicks on login
22:58:36.891 [main] INFO  stepDefinition.Steps - url Launched
22:58:37.009 [main] INFO  stepDefinition.Steps - User navigates to my accountant menu
22:58:37.958 [main] INFO  stepDefinition.Steps - User clicks on login
23:08:25.059 [main] INFO  stepDefinition.Steps - url Launched
23:08:25.191 [main] INFO  stepDefinition.Steps - User navigates to my accountant menu
23:08:25.849 [main] INFO  stepDefinition.Steps - User clicks on login
23:08:29.345 [main] INFO  stepDefinition.Steps - url Launched
23:08:29.440 [main] INFO  stepDefinition.Steps - User navigates to my accountant menu
23:08:30.024 [main] INFO  stepDefinition.Steps - User clicks on login
23:08:33.196 [main] INFO  stepDefinition.Steps - url Launched
23:08:33.300 [main] INFO  stepDefinition.Steps - User navigates to my accountant menu
23:08:33.869 [main] INFO  stepDefinition.Steps - User clicks on login
23:10:08.404 [main] INFO  stepDefinition.Steps - url Launched
23:10:08.538 [main] INFO  stepDefinition.Steps - User navigates to my accountant menu
23:10:09.133 [main] INFO  stepDefinition.Steps - User clicks on login
23:10:14.609 [main] INFO  stepDefinition.Steps - url Launched
23:10:14.711 [main] INFO  stepDefinition.Steps - User navigates to my accountant menu
23:10:15.369 [main] INFO  stepDefinition.Steps - User clicks on login
23:10:18.605 [main] INFO  stepDefinition.Steps - url Launched
23:10:18.726 [main] INFO  stepDefinition.Steps - User navigates to my accountant menu
23:10:19.307 [main] INFO  stepDefinition.Steps - User clicks on login
22:08:56.635 [main] INFO  stepDefinition.Steps - url Launched
22:08:56.795 [main] INFO  stepDefinition.Steps - User navigates to my accountant menu
22:08:57.637 [main] INFO  stepDefinition.Steps - User clicks on login
22:09:02.869 [main] INFO  stepDefinition.Steps - url Launched
22:09:02.966 [main] INFO  stepDefinition.Steps - User navigates to my accountant menu
22:09:03.562 [main] INFO  stepDefinition.Steps - User clicks on login
22:09:06.894 [main] INFO  stepDefinition.Steps - url Launched
22:09:07.000 [main] INFO  stepDefinition.Steps - User navigates to my accountant menu
22:09:07.645 [main] INFO  stepDefinition.Steps - User clicks on login
22:11:00.683 [main] INFO  stepDefinition.Steps - url Launched
22:11:00.837 [main] INFO  stepDefinition.Steps - User navigates to my accountant menu
22:11:01.452 [main] INFO  stepDefinition.Steps - User clicks on login
22:11:06.327 [main] INFO  stepDefinition.Steps - url Launched
22:11:06.419 [main] INFO  stepDefinition.Steps - User navigates to my accountant menu
22:11:07.030 [main] INFO  stepDefinition.Steps - User clicks on login
22:11:10.428 [main] INFO  stepDefinition.Steps - url Launched
22:11:10.537 [main] INFO  stepDefinition.Steps - User navigates to my accountant menu
22:11:11.079 [main] INFO  stepDefinition.Steps - User clicks on login
22:15:33.237 [main] INFO  stepDefinition.Steps - url Launched
22:15:33.388 [main] INFO  stepDefinition.Steps - User navigates to my accountant menu
22:15:34.098 [main] INFO  stepDefinition.Steps - User clicks on login
22:15:37.060 [main] INFO  stepDefinition.Steps - url Launched
22:15:37.181 [main] INFO  stepDefinition.Steps - User navigates to my accountant menu
22:15:37.982 [main] INFO  stepDefinition.Steps - User clicks on login
22:15:41.017 [main] INFO  stepDefinition.Steps - url Launched
22:15:41.120 [main] INFO  stepDefinition.Steps - User navigates to my accountant menu
22:15:41.615 [main] INFO  stepDefinition.Steps - User clicks on login
22:17:00.524 [main] INFO  stepDefinition.Steps - url Launched
22:17:00.699 [main] INFO  stepDefinition.Steps - User navigates to my accountant menu
22:17:01.429 [main] INFO  stepDefinition.Steps - User clicks on login
22:17:04.362 [main] INFO  stepDefinition.Steps - url Launched
22:17:04.461 [main] INFO  stepDefinition.Steps - User navigates to my accountant menu
22:17:04.966 [main] INFO  stepDefinition.Steps - User clicks on login
22:17:07.682 [main] INFO  stepDefinition.Steps - url Launched
22:17:07.787 [main] INFO  stepDefinition.Steps - User navigates to my accountant menu
22:17:08.366 [main] INFO  stepDefinition.Steps - User clicks on login
22:23:32.783 [main] INFO  stepDefinition.Steps - url Launched
22:23:32.918 [main] INFO  stepDefinition.Steps - User navigates to my accountant menu
22:23:33.449 [main] INFO  stepDefinition.Steps - User clicks on login
22:23:35.830 [main] INFO  stepDefinition.Steps - url Launched
22:23:35.943 [main] INFO  stepDefinition.Steps - User navigates to my accountant menu
22:23:36.409 [main] INFO  stepDefinition.Steps - User clicks on login
22:23:38.632 [main] INFO  stepDefinition.Steps - url Launched
22:23:38.731 [main] INFO  stepDefinition.Steps - User navigates to my accountant menu
22:23:39.264 [main] INFO  stepDefinition.Steps - User clicks on login
22:25:24.880 [main] INFO  stepDefinition.Steps - url Launched
22:25:25.021 [main] INFO  stepDefinition.Steps - User navigates to my accountant menu
22:25:25.488 [main] INFO  stepDefinition.Steps - User clicks on login
22:25:27.666 [main] INFO  stepDefinition.Steps - url Launched
22:25:27.775 [main] INFO  stepDefinition.Steps - User navigates to my accountant menu
22:25:28.220 [main] INFO  stepDefinition.Steps - User clicks on login
22:25:30.442 [main] INFO  stepDefinition.Steps - url Launched
22:25:30.549 [main] INFO  stepDefinition.Steps - User navigates to my accountant menu
22:25:31.013 [main] INFO  stepDefinition.Steps - User clicks on login
22:27:23.507 [main] INFO  stepDefinition.Steps - url Launched
22:27:23.634 [main] INFO  stepDefinition.Steps - User navigates to my accountant menu
22:27:24.141 [main] INFO  stepDefinition.Steps - User clicks on login
22:27:42.572 [main] INFO  stepDefinition.Steps - url Launched
22:27:42.666 [main] INFO  stepDefinition.Steps - User navigates to my accountant menu
22:27:43.184 [main] INFO  stepDefinition.Steps - User clicks on login
22:28:00.858 [main] INFO  stepDefinition.Steps - url Launched
22:28:00.949 [main] INFO  stepDefinition.Steps - User navigates to my accountant menu
22:28:01.397 [main] INFO  stepDefinition.Steps - User clicks on login
22:31:44.036 [main] INFO  stepDefinition.Steps - url Launched
22:31:44.180 [main] INFO  stepDefinition.Steps - User navigates to my accountant menu
22:31:44.708 [main] INFO  stepDefinition.Steps - User clicks on login
22:31:46.020 [main] INFO  stepDefinition.Steps - user logged in myacct page 
22:32:01.072 [main] INFO  stepDefinition.Steps - in valid assertion 
22:32:03.363 [main] INFO  stepDefinition.Steps - url Launched
22:32:03.460 [main] INFO  stepDefinition.Steps - User navigates to my accountant menu
22:32:03.940 [main] INFO  stepDefinition.Steps - User clicks on login
22:32:04.293 [main] INFO  stepDefinition.Steps - user logged in myacct page 
22:32:19.330 [main] INFO  stepDefinition.Steps - in valid assertion 
22:32:24.449 [main] INFO  stepDefinition.Steps - url Launched
22:32:24.559 [main] INFO  stepDefinition.Steps - User navigates to my accountant menu
22:32:25.031 [main] INFO  stepDefinition.Steps - User clicks on login
22:32:25.377 [main] INFO  stepDefinition.Steps - user logged in myacct page 
22:32:25.918 [main] INFO  stepDefinition.Steps - valid assertion 
23:00:48.836 [main] INFO  stepDefinition.Steps - url Launched
23:00:49.101 [main] INFO  stepDefinition.Steps - User navigates to my accountant menu
23:00:49.984 [main] INFO  stepDefinition.Steps - User clicks on login
23:00:52.175 [main] INFO  stepDefinition.Steps - user logged in myacct page 
23:01:07.237 [main] INFO  stepDefinition.Steps - in valid assertion 
23:01:13.338 [main] INFO  stepDefinition.Steps - url Launched
23:01:13.520 [main] INFO  stepDefinition.Steps - User navigates to my accountant menu
23:01:14.394 [main] INFO  stepDefinition.Steps - User clicks on login
23:01:14.969 [main] INFO  stepDefinition.Steps - user logged in myacct page 
23:01:30.004 [main] INFO  stepDefinition.Steps - in valid assertion 
23:01:34.095 [main] INFO  stepDefinition.Steps - url Launched
23:01:34.270 [main] INFO  stepDefinition.Steps - User navigates to my accountant menu
23:01:35.157 [main] INFO  stepDefinition.Steps - User clicks on login
23:01:35.735 [main] INFO  stepDefinition.Steps - user logged in myacct page 
23:01:36.672 [main] INFO  stepDefinition.Steps - valid assertion 
23:01:40.627 [main] INFO  stepDefinition.Steps - url Launched
23:01:40.812 [main] INFO  stepDefinition.Steps - User navigates to my accountant menu
23:01:41.612 [main] INFO  stepDefinition.Steps - User clicks on login
23:01:41.987 [main] INFO  stepDefinition.Steps - User provides email as {string} and Password as {string}
23:01:46.868 [main] INFO  stepDefinition.Steps - url Launched
23:01:47.033 [main] INFO  stepDefinition.Steps - User navigates to my accountant menu
23:01:47.846 [main] INFO  stepDefinition.Steps - User clicks on login
23:01:48.259 [main] INFO  stepDefinition.Steps - User provides email as {string} and Password as {string}
23:02:08.000 [main] INFO  stepDefinition.Steps - url Launched
23:02:08.160 [main] INFO  stepDefinition.Steps - User navigates to my accountant menu
23:02:08.966 [main] INFO  stepDefinition.Steps - User clicks on login
23:02:09.352 [main] INFO  stepDefinition.Steps - User provides email as {string} and Password as {string}
23:24:21.721 [main] INFO  stepDefinition.Steps - url Launched
23:24:22.049 [main] INFO  stepDefinition.Steps - User navigates to my accountant menu
23:24:22.791 [main] INFO  stepDefinition.Steps - User clicks on login
23:24:24.644 [main] INFO  stepDefinition.Steps - user logged in myacct page 
23:24:39.719 [main] INFO  stepDefinition.Steps - in valid assertion 
23:24:43.403 [main] INFO  stepDefinition.Steps - url Launched
23:24:43.590 [main] INFO  stepDefinition.Steps - User navigates to my accountant menu
23:24:44.446 [main] INFO  stepDefinition.Steps - User clicks on login
23:24:44.958 [main] INFO  stepDefinition.Steps - user logged in myacct page 
23:25:00.055 [main] INFO  stepDefinition.Steps - in valid assertion 
23:25:04.641 [main] INFO  stepDefinition.Steps - url Launched
23:25:04.822 [main] INFO  stepDefinition.Steps - User navigates to my accountant menu
23:25:05.624 [main] INFO  stepDefinition.Steps - User clicks on login
23:25:06.176 [main] INFO  stepDefinition.Steps - user logged in myacct page 
23:25:07.060 [main] INFO  stepDefinition.Steps - valid assertion 
23:25:10.635 [main] INFO  stepDefinition.Steps - url Launched
23:25:10.802 [main] INFO  stepDefinition.Steps - User navigates to my accountant menu
23:25:11.647 [main] INFO  stepDefinition.Steps - User clicks on login
23:25:12.052 [main] INFO  stepDefinition.Steps - User provides email as {string} and Password as {string}
23:25:16.647 [main] INFO  stepDefinition.Steps - url Launched
23:25:16.817 [main] INFO  stepDefinition.Steps - User navigates to my accountant menu
23:25:17.692 [main] INFO  stepDefinition.Steps - User clicks on login
23:25:18.069 [main] INFO  stepDefinition.Steps - User provides email as {string} and Password as {string}
23:25:36.775 [main] INFO  stepDefinition.Steps - url Launched
23:25:36.949 [main] INFO  stepDefinition.Steps - User navigates to my accountant menu
23:25:37.770 [main] INFO  stepDefinition.Steps - User clicks on login
23:25:38.193 [main] INFO  stepDefinition.Steps - User provides email as {string} and Password as {string}
23:30:42.968 [main] INFO  stepDefinition.Steps - url Launched
23:30:43.191 [main] INFO  stepDefinition.Steps - User navigates to my accountant menu
23:30:43.945 [main] INFO  stepDefinition.Steps - User clicks on login
23:30:45.538 [main] INFO  stepDefinition.Steps - user logged in myacct page 
23:31:00.587 [main] INFO  stepDefinition.Steps - in valid assertion 
23:31:04.031 [main] INFO  stepDefinition.Steps - url Launched
23:31:04.192 [main] INFO  stepDefinition.Steps - User navigates to my accountant menu
23:31:05.019 [main] INFO  stepDefinition.Steps - User clicks on login
23:31:05.534 [main] INFO  stepDefinition.Steps - user logged in myacct page 
23:31:20.607 [main] INFO  stepDefinition.Steps - in valid assertion 
23:31:24.723 [main] INFO  stepDefinition.Steps - url Launched
23:31:24.887 [main] INFO  stepDefinition.Steps - User navigates to my accountant menu
23:31:25.704 [main] INFO  stepDefinition.Steps - User clicks on login
23:31:26.225 [main] INFO  stepDefinition.Steps - user logged in myacct page 
23:31:27.007 [main] INFO  stepDefinition.Steps - valid assertion 
23:31:30.535 [main] INFO  stepDefinition.Steps - url Launched
23:31:30.696 [main] INFO  stepDefinition.Steps - User navigates to my accountant menu
23:31:31.463 [main] INFO  stepDefinition.Steps - User clicks on login
23:31:31.832 [main] INFO  stepDefinition.Steps - User provides email as {string} and Password as {string}
23:31:36.124 [main] INFO  stepDefinition.Steps - url Launched
23:31:36.278 [main] INFO  stepDefinition.Steps - User navigates to my accountant menu
23:31:37.054 [main] INFO  stepDefinition.Steps - User clicks on login
23:31:37.402 [main] INFO  stepDefinition.Steps - User provides email as {string} and Password as {string}
23:31:56.675 [main] INFO  stepDefinition.Steps - url Launched
23:31:56.842 [main] INFO  stepDefinition.Steps - User navigates to my accountant menu
23:31:57.664 [main] INFO  stepDefinition.Steps - User clicks on login
23:31:58.055 [main] INFO  stepDefinition.Steps - User provides email as {string} and Password as {string}
23:37:24.548 [main] INFO  stepDefinition.Steps - url Launched
23:37:24.730 [main] INFO  stepDefinition.Steps - User navigates to my accountant menu
23:37:25.378 [main] INFO  stepDefinition.Steps - User clicks on login
23:37:27.563 [main] INFO  stepDefinition.Steps - user logged in myacct page 
23:37:42.700 [main] INFO  stepDefinition.Steps - in valid assertion 
23:37:45.772 [main] INFO  stepDefinition.Steps - url Launched
23:37:45.882 [main] INFO  stepDefinition.Steps - User navigates to my accountant menu
23:37:46.554 [main] INFO  stepDefinition.Steps - User clicks on login
23:37:46.921 [main] INFO  stepDefinition.Steps - user logged in myacct page 
23:38:02.012 [main] INFO  stepDefinition.Steps - in valid assertion 
23:38:05.121 [main] INFO  stepDefinition.Steps - url Launched
23:38:05.211 [main] INFO  stepDefinition.Steps - User navigates to my accountant menu
23:38:05.849 [main] INFO  stepDefinition.Steps - User clicks on login
23:38:06.216 [main] INFO  stepDefinition.Steps - user logged in myacct page 
23:38:07.419 [main] INFO  stepDefinition.Steps - valid assertion 
23:38:10.246 [main] INFO  stepDefinition.Steps - url Launched
23:38:10.355 [main] INFO  stepDefinition.Steps - User navigates to my accountant menu
23:38:11.022 [main] INFO  stepDefinition.Steps - User clicks on login
23:38:11.308 [main] INFO  stepDefinition.Steps - User provides email as {string} and Password as {string}
23:38:15.850 [main] INFO  stepDefinition.Steps - url Launched
23:38:15.971 [main] INFO  stepDefinition.Steps - User navigates to my accountant menu
23:38:16.590 [main] INFO  stepDefinition.Steps - User clicks on login
23:38:16.856 [main] INFO  stepDefinition.Steps - User provides email as {string} and Password as {string}
23:38:39.510 [main] INFO  stepDefinition.Steps - url Launched
23:38:39.616 [main] INFO  stepDefinition.Steps - User navigates to my accountant menu
23:38:40.230 [main] INFO  stepDefinition.Steps - User clicks on login
23:38:40.601 [main] INFO  stepDefinition.Steps - User provides email as {string} and Password as {string}
